<?xml version="1.0" encoding="UTF-8"?>
<testsuite name="LoadGameConfigurationTest" tests="4" skipped="0" failures="0" errors="0" timestamp="2022-09-26T11:25:50" hostname="SHZN-DELLXPS" time="0.042">
  <properties/>
  <testcase name="gameConfigTest1" classname="LoadGameConfigurationTest" time="0.036"/>
  <testcase name="gameConfigTest2" classname="LoadGameConfigurationTest" time="0.001"/>
  <testcase name="gameConfigTest3" classname="LoadGameConfigurationTest" time="0.001"/>
  <testcase name="gameConfigExceptionTest" classname="LoadGameConfigurationTest" time="0.003"/>
  <system-out><![CDATA[]]></system-out>
  <system-err><![CDATA[java.io.FileNotFoundException: test\JsonTestFiles\notARealFile.json (The system cannot find the file specified)
	at java.base/java.io.FileInputStream.open0(Native Method)
	at java.base/java.io.FileInputStream.open(FileInputStream.java:216)
	at java.base/java.io.FileInputStream.<init>(FileInputStream.java:157)
	at java.base/java.io.FileReader.<init>(FileReader.java:75)
	at LoadGameConfiguration.setGameConfigFromJsonFile(LoadGameConfiguration.java:45)
	at LoadGameConfigurationTest.gameConfigExceptionTest(LoadGameConfigurationTest.java:49)
	at java.base/jdk.internal.reflect.DirectMethodHandleAccessor.invoke(DirectMethodHandleAccessor.java:104)
	at java.base/java.lang.reflect.Method.invoke(Method.java:577)
	at org.junit.runners.model.FrameworkMethod$1.runReflectiveCall(FrameworkMethod.java:59)
	at org.junit.internal.runners.model.ReflectiveCallable.run(ReflectiveCallable.java:12)
	at org.junit.runners.model.FrameworkMethod.invokeExplosively(FrameworkMethod.java:56)
	at org.junit.internal.runners.statements.InvokeMethod.evaluate(InvokeMethod.java:17)
	at org.junit.internal.runners.statements.FailOnTimeout$CallableStatement.call(FailOnTimeout.java:288)
	at org.junit.internal.runners.statements.FailOnTimeout$CallableStatement.call(FailOnTimeout.java:282)
	at java.base/java.util.concurrent.FutureTask.run(FutureTask.java:264)
	at java.base/java.lang.Thread.run(Thread.java:833)
]]></system-err>
</testsuite>
