<?xml version="1.0" encoding="UTF-8"?>
<testsuite name="selectCharacterTest" tests="3" skipped="0" failures="0" errors="0" timestamp="2022-09-26T11:25:50" hostname="SHZN-DELLXPS" time="0.007">
  <properties/>
  <testcase name="characterNameTest" classname="selectCharacterTest" time="0.001"/>
  <testcase name="gameConfigExceptionTest" classname="selectCharacterTest" time="0.005"/>
  <testcase name="characterInventoryTest" classname="selectCharacterTest" time="0.001"/>
  <system-out><![CDATA[]]></system-out>
  <system-err><![CDATA[]]></system-err>
</testsuite>
